
  .   ____          _            __ _ _
 /\\ / ___'_ __ _ _(_)_ __  __ _ \ \ \ \
( ( )\___ | '_ | '_| | '_ \/ _` | \ \ \ \
 \\/  ___)| |_)| | | | | || (_| |  ) ) ) )
  '  |____| .__|_| |_|_| |_\__, | / / / /
 =========|_|==============|___/=/_/_/_/
 :: Spring Boot ::                (v3.2.0)

2025-11-28T17:09:18.656+03:00  INFO 5340 --- [hospital-management] [           main] com.hms.Application                      : Starting Application v0.0.1-SNAPSHOT using Java 17.0.17 with PID 5340 (C:\Users\HP\HOSPITALMANAGEMENT\backend\target\hospital-management-0.0.1-SNAPSHOT.jar started by HP in C:\Users\HP\HOSPITALMANAGEMENT\backend)
2025-11-28T17:09:18.674+03:00 DEBUG 5340 --- [hospital-management] [           main] com.hms.Application                      : Running with Spring Boot v3.2.0, Spring v6.1.1
2025-11-28T17:09:18.676+03:00  INFO 5340 --- [hospital-management] [           main] com.hms.Application                      : No active profile set, falling back to 1 default profile: "default"
2025-11-28T17:09:23.687+03:00  INFO 5340 --- [hospital-management] [           main] .s.d.r.c.RepositoryConfigurationDelegate : Bootstrapping Spring Data JPA repositories in DEFAULT mode.
2025-11-28T17:09:24.044+03:00  INFO 5340 --- [hospital-management] [           main] .s.d.r.c.RepositoryConfigurationDelegate : Finished Spring Data repository scanning in 317 ms. Found 5 JPA repository interfaces.
2025-11-28T17:09:26.251+03:00  INFO 5340 --- [hospital-management] [           main] o.s.b.w.embedded.tomcat.TomcatWebServer  : Tomcat initialized with port 8080 (http)
2025-11-28T17:09:26.276+03:00  INFO 5340 --- [hospital-management] [           main] o.apache.catalina.core.StandardService   : Starting service [Tomcat]
2025-11-28T17:09:26.278+03:00  INFO 5340 --- [hospital-management] [           main] o.apache.catalina.core.StandardEngine    : Starting Servlet engine: [Apache Tomcat/10.1.16]
2025-11-28T17:09:26.450+03:00  INFO 5340 --- [hospital-management] [           main] o.a.c.c.C.[Tomcat].[localhost].[/]       : Initializing Spring embedded WebApplicationContext
2025-11-28T17:09:26.454+03:00  INFO 5340 --- [hospital-management] [           main] w.s.c.ServletWebServerApplicationContext : Root WebApplicationContext: initialization completed in 7418 ms
2025-11-28T17:09:26.567+03:00  INFO 5340 --- [hospital-management] [           main] com.zaxxer.hikari.HikariDataSource       : HikariPool-1 - Starting...
2025-11-28T17:09:27.679+03:00  INFO 5340 --- [hospital-management] [           main] com.zaxxer.hikari.pool.HikariPool        : HikariPool-1 - Added connection conn0: url=jdbc:h2:mem:hospitaldb user=SA
2025-11-28T17:09:27.693+03:00  INFO 5340 --- [hospital-management] [           main] com.zaxxer.hikari.HikariDataSource       : HikariPool-1 - Start completed.
2025-11-28T17:09:27.781+03:00  INFO 5340 --- [hospital-management] [           main] o.s.b.a.h2.H2ConsoleAutoConfiguration    : H2 console available at '/h2-console'. Database available at 'jdbc:h2:mem:hospitaldb'
2025-11-28T17:09:28.476+03:00  WARN 5340 --- [hospital-management] [           main] JpaBaseConfiguration$JpaWebConfiguration : spring.jpa.open-in-view is enabled by default. Therefore, database queries may be performed during view rendering. Explicitly configure spring.jpa.open-in-view to disable this warning
2025-11-28T17:09:28.758+03:00  INFO 5340 --- [hospital-management] [           main] o.hibernate.jpa.internal.util.LogHelper  : HHH000204: Processing PersistenceUnitInfo [name: default]
2025-11-28T17:09:29.041+03:00  INFO 5340 --- [hospital-management] [           main] org.hibernate.Version                    : HHH000412: Hibernate ORM core version 6.3.1.Final
2025-11-28T17:09:29.216+03:00  INFO 5340 --- [hospital-management] [           main] o.h.c.internal.RegionFactoryInitiator    : HHH000026: Second-level cache disabled
2025-11-28T17:09:30.395+03:00  INFO 5340 --- [hospital-management] [           main] o.s.o.j.p.SpringPersistenceUnitInfo      : No LoadTimeWeaver setup: ignoring JPA class transformer
2025-11-28T17:09:30.621+03:00  WARN 5340 --- [hospital-management] [           main] org.hibernate.orm.deprecation            : HHH90000025: H2Dialect does not need to be specified explicitly using 'hibernate.dialect' (remove the property setting and it will be selected by default)
2025-11-28T17:09:34.531+03:00  INFO 5340 --- [hospital-management] [           main] o.h.e.t.j.p.i.JtaPlatformInitiator       : HHH000489: No JTA platform available (set 'hibernate.transaction.jta.platform' to enable JTA platform integration)
Hibernate: drop table if exists appointments cascade 
Hibernate: drop table if exists bills cascade 
Hibernate: drop table if exists doctors cascade 
Hibernate: drop table if exists patients cascade 
Hibernate: drop table if exists roles cascade 
Hibernate: drop table if exists user_roles cascade 
Hibernate: drop table if exists users cascade 
Hibernate: create table appointments (appointment_date_time timestamp(6) not null, doctor_id bigint not null, id bigint generated by default as identity, patient_id bigint not null, notes TEXT, reason_for_visit varchar(255), status varchar(255) not null, primary key (id))
Hibernate: create table bills (amount numeric(10,2) not null, bill_date timestamp(6) not null, due_date timestamp(6), id bigint generated by default as identity, patient_id bigint not null, payment_date timestamp(6), description varchar(255), status varchar(255) not null, primary key (id))
Hibernate: create table doctors (years_of_experience integer, id bigint generated by default as identity, license_number varchar(255) unique, name varchar(255) not null, specialty varchar(255) not null, primary key (id))
Hibernate: create table patients (date_of_birth date, id bigint generated by default as identity, email varchar(255) not null unique, medical_history TEXT, name varchar(255) not null, phone varchar(255) not null, primary key (id))
Hibernate: create table roles (id bigint generated by default as identity, name varchar(255) not null unique, primary key (id))
Hibernate: create table user_roles (role_id bigint not null, user_id bigint not null, primary key (role_id, user_id))
Hibernate: create table users (enabled boolean not null, id bigint generated by default as identity, email varchar(255) not null unique, password varchar(255) not null, username varchar(255) not null unique, primary key (id))
Hibernate: alter table if exists appointments add constraint FKmujeo4tymoo98cmf7uj3vsv76 foreign key (doctor_id) references doctors
Hibernate: alter table if exists appointments add constraint FK8exap5wmg8kmb1g1rx3by21yt foreign key (patient_id) references patients
Hibernate: alter table if exists bills add constraint FKiklkhnj1odoll0m9otela7gb9 foreign key (patient_id) references patients
Hibernate: alter table if exists user_roles add constraint FKh8ciramu9cc9q3qcqiv4ue8a6 foreign key (role_id) references roles
Hibernate: alter table if exists user_roles add constraint FKhfh9dx7w3ubf1co1vdev94g3f foreign key (user_id) references users
2025-11-28T17:09:34.730+03:00  INFO 5340 --- [hospital-management] [           main] j.LocalContainerEntityManagerFactoryBean : Initialized JPA EntityManagerFactory for persistence unit 'default'
2025-11-28T17:09:35.248+03:00  INFO 5340 --- [hospital-management] [           main] o.s.b.a.w.s.WelcomePageHandlerMapping    : Adding welcome page: class path resource [static/index.html]
2025-11-28T17:09:35.664+03:00 DEBUG 5340 --- [hospital-management] [           main] s.w.s.m.m.a.RequestMappingHandlerMapping : 18 mappings in 'requestMappingHandlerMapping'
2025-11-28T17:09:35.939+03:00 DEBUG 5340 --- [hospital-management] [           main] o.s.w.s.handler.SimpleUrlHandlerMapping  : Patterns [/webjars/**, /**, /swagger-ui*/*swagger-initializer.js, /swagger-ui*/**] in 'resourceHandlerMapping'
2025-11-28T17:09:35.958+03:00  INFO 5340 --- [hospital-management] [           main] o.s.s.web.DefaultSecurityFilterChain     : Will secure any request with [org.springframework.security.web.session.DisableEncodeUrlFilter@3adb4cc8, org.springframework.security.web.context.request.async.WebAsyncManagerIntegrationFilter@779136bf, org.springframework.security.web.context.SecurityContextHolderFilter@3599b18, org.springframework.security.web.header.HeaderWriterFilter@b272860, org.springframework.web.filter.CorsFilter@f9ac719, org.springframework.security.web.authentication.logout.LogoutFilter@7cb38a6a, org.springframework.security.web.savedrequest.RequestCacheAwareFilter@712594f4, org.springframework.security.web.servletapi.SecurityContextHolderAwareRequestFilter@30a4a111, org.springframework.security.web.authentication.AnonymousAuthenticationFilter@53a3fc8b, org.springframework.security.web.session.SessionManagementFilter@65234a9, org.springframework.security.web.access.ExceptionTranslationFilter@27c827ec, org.springframework.security.web.access.intercept.AuthorizationFilter@67d55a46]
2025-11-28T17:09:36.092+03:00 DEBUG 5340 --- [hospital-management] [           main] c.hms.security.JwtAuthenticationFilter   : Filter 'jwtAuthenticationFilter' configured for use
2025-11-28T17:09:39.184+03:00 DEBUG 5340 --- [hospital-management] [           main] s.w.s.m.m.a.RequestMappingHandlerAdapter : ControllerAdvice beans: 0 @ModelAttribute, 0 @InitBinder, 1 RequestBodyAdvice, 1 ResponseBodyAdvice
2025-11-28T17:09:39.316+03:00 DEBUG 5340 --- [hospital-management] [           main] .m.m.a.ExceptionHandlerExceptionResolver : ControllerAdvice beans: 1 @ExceptionHandler, 1 ResponseBodyAdvice
2025-11-28T17:09:39.919+03:00  INFO 5340 --- [hospital-management] [           main] o.s.b.w.embedded.tomcat.TomcatWebServer  : Tomcat started on port 8080 (http) with context path ''
2025-11-28T17:09:39.988+03:00  INFO 5340 --- [hospital-management] [           main] com.hms.Application                      : Started Application in 22.909 seconds (process running for 24.78)
Hibernate: select count(*) from doctors d1_0
2025-11-28T17:09:41.246+03:00  INFO 5340 --- [hospital-management] [           main] com.hms.config.DataInitializer           : Initializing database with sample data...
Hibernate: insert into doctors (license_number,name,specialty,years_of_experience,id) values (?,?,?,?,default)
Hibernate: insert into doctors (license_number,name,specialty,years_of_experience,id) values (?,?,?,?,default)
Hibernate: insert into doctors (license_number,name,specialty,years_of_experience,id) values (?,?,?,?,default)
Hibernate: insert into doctors (license_number,name,specialty,years_of_experience,id) values (?,?,?,?,default)
Hibernate: insert into doctors (license_number,name,specialty,years_of_experience,id) values (?,?,?,?,default)
Hibernate: insert into doctors (license_number,name,specialty,years_of_experience,id) values (?,?,?,?,default)
Hibernate: insert into doctors (license_number,name,specialty,years_of_experience,id) values (?,?,?,?,default)
Hibernate: insert into doctors (license_number,name,specialty,years_of_experience,id) values (?,?,?,?,default)
2025-11-28T17:09:41.537+03:00  INFO 5340 --- [hospital-management] [           main] com.hms.config.DataInitializer           : Created 8 doctors
Hibernate: insert into patients (date_of_birth,email,medical_history,name,phone,id) values (?,?,?,?,?,default)
Hibernate: insert into patients (date_of_birth,email,medical_history,name,phone,id) values (?,?,?,?,?,default)
Hibernate: insert into patients (date_of_birth,email,medical_history,name,phone,id) values (?,?,?,?,?,default)
Hibernate: insert into patients (date_of_birth,email,medical_history,name,phone,id) values (?,?,?,?,?,default)
Hibernate: insert into patients (date_of_birth,email,medical_history,name,phone,id) values (?,?,?,?,?,default)
Hibernate: insert into patients (date_of_birth,email,medical_history,name,phone,id) values (?,?,?,?,?,default)
Hibernate: insert into patients (date_of_birth,email,medical_history,name,phone,id) values (?,?,?,?,?,default)
Hibernate: insert into patients (date_of_birth,email,medical_history,name,phone,id) values (?,?,?,?,?,default)
Hibernate: insert into patients (date_of_birth,email,medical_history,name,phone,id) values (?,?,?,?,?,default)
Hibernate: insert into patients (date_of_birth,email,medical_history,name,phone,id) values (?,?,?,?,?,default)
2025-11-28T17:09:41.620+03:00  INFO 5340 --- [hospital-management] [           main] com.hms.config.DataInitializer           : Created 10 patients
Hibernate: select d1_0.id,d1_0.license_number,d1_0.name,d1_0.specialty,d1_0.years_of_experience from doctors d1_0
Hibernate: select p1_0.id,p1_0.date_of_birth,p1_0.email,p1_0.medical_history,p1_0.name,p1_0.phone from patients p1_0
Hibernate: insert into appointments (appointment_date_time,doctor_id,notes,patient_id,reason_for_visit,status,id) values (?,?,?,?,?,?,default)
Hibernate: insert into appointments (appointment_date_time,doctor_id,notes,patient_id,reason_for_visit,status,id) values (?,?,?,?,?,?,default)
Hibernate: insert into appointments (appointment_date_time,doctor_id,notes,patient_id,reason_for_visit,status,id) values (?,?,?,?,?,?,default)
Hibernate: insert into appointments (appointment_date_time,doctor_id,notes,patient_id,reason_for_visit,status,id) values (?,?,?,?,?,?,default)
Hibernate: insert into appointments (appointment_date_time,doctor_id,notes,patient_id,reason_for_visit,status,id) values (?,?,?,?,?,?,default)
Hibernate: insert into appointments (appointment_date_time,doctor_id,notes,patient_id,reason_for_visit,status,id) values (?,?,?,?,?,?,default)
Hibernate: insert into appointments (appointment_date_time,doctor_id,notes,patient_id,reason_for_visit,status,id) values (?,?,?,?,?,?,default)
Hibernate: insert into appointments (appointment_date_time,doctor_id,notes,patient_id,reason_for_visit,status,id) values (?,?,?,?,?,?,default)
2025-11-28T17:09:41.765+03:00  INFO 5340 --- [hospital-management] [           main] com.hms.config.DataInitializer           : Created 8 appointments
Hibernate: select p1_0.id,p1_0.date_of_birth,p1_0.email,p1_0.medical_history,p1_0.name,p1_0.phone from patients p1_0
Hibernate: insert into bills (amount,bill_date,description,due_date,patient_id,payment_date,status,id) values (?,?,?,?,?,?,?,default)
Hibernate: insert into bills (amount,bill_date,description,due_date,patient_id,payment_date,status,id) values (?,?,?,?,?,?,?,default)
Hibernate: insert into bills (amount,bill_date,description,due_date,patient_id,payment_date,status,id) values (?,?,?,?,?,?,?,default)
Hibernate: insert into bills (amount,bill_date,description,due_date,patient_id,payment_date,status,id) values (?,?,?,?,?,?,?,default)
Hibernate: insert into bills (amount,bill_date,description,due_date,patient_id,payment_date,status,id) values (?,?,?,?,?,?,?,default)
Hibernate: insert into bills (amount,bill_date,description,due_date,patient_id,payment_date,status,id) values (?,?,?,?,?,?,?,default)
Hibernate: insert into bills (amount,bill_date,description,due_date,patient_id,payment_date,status,id) values (?,?,?,?,?,?,?,default)
Hibernate: insert into bills (amount,bill_date,description,due_date,patient_id,payment_date,status,id) values (?,?,?,?,?,?,?,default)
2025-11-28T17:09:41.821+03:00  INFO 5340 --- [hospital-management] [           main] com.hms.config.DataInitializer           : Created 8 bills
2025-11-28T17:09:41.822+03:00  INFO 5340 --- [hospital-management] [           main] com.hms.config.DataInitializer           : Database initialization completed!
2025-11-28T17:10:46.451+03:00  INFO 5340 --- [hospital-management] [nio-8080-exec-1] c.hms.security.JwtAuthenticationFilter   : JWT Filter processing request: /h2-console
2025-11-28T17:10:46.522+03:00  WARN 5340 --- [hospital-management] [nio-8080-exec-1] o.s.w.s.h.HandlerMappingIntrospector     : Cache miss for REQUEST dispatch to '/h2-console' (previous null). Performing CorsConfiguration lookup. This is logged once only at WARN level, and every time at TRACE.
2025-11-28T17:10:46.636+03:00  INFO 5340 --- [hospital-management] [nio-8080-exec-3] c.hms.security.JwtAuthenticationFilter   : JWT Filter processing request: /h2-console/
2025-11-28T17:10:46.761+03:00  INFO 5340 --- [hospital-management] [nio-8080-exec-2] c.hms.security.JwtAuthenticationFilter   : JWT Filter processing request: /h2-console/stylesheet.css
2025-11-28T17:10:46.865+03:00  INFO 5340 --- [hospital-management] [nio-8080-exec-6] c.hms.security.JwtAuthenticationFilter   : JWT Filter processing request: /h2-console/login.jsp
2025-11-28T17:10:46.966+03:00  INFO 5340 --- [hospital-management] [nio-8080-exec-7] c.hms.security.JwtAuthenticationFilter   : JWT Filter processing request: /h2-console/background.gif
2025-11-28T17:10:49.600+03:00  INFO 5340 --- [hospital-management] [nio-8080-exec-4] c.hms.security.JwtAuthenticationFilter   : JWT Filter processing request: /h2-console/login.do
2025-11-28T17:10:49.662+03:00  INFO 5340 --- [hospital-management] [nio-8080-exec-5] c.hms.security.JwtAuthenticationFilter   : JWT Filter processing request: /h2-console/header.jsp
2025-11-28T17:10:49.668+03:00  INFO 5340 --- [hospital-management] [nio-8080-exec-8] c.hms.security.JwtAuthenticationFilter   : JWT Filter processing request: /h2-console/tables.do
2025-11-28T17:10:49.673+03:00  INFO 5340 --- [hospital-management] [nio-8080-exec-9] c.hms.security.JwtAuthenticationFilter   : JWT Filter processing request: /h2-console/query.jsp
2025-11-28T17:10:49.685+03:00  INFO 5340 --- [hospital-management] [io-8080-exec-10] c.hms.security.JwtAuthenticationFilter   : JWT Filter processing request: /h2-console/help.jsp
2025-11-28T17:10:49.722+03:00  INFO 5340 --- [hospital-management] [nio-8080-exec-1] c.hms.security.JwtAuthenticationFilter   : JWT Filter processing request: /h2-console/icon_disconnect.gif
2025-11-28T17:10:49.724+03:00  INFO 5340 --- [hospital-management] [nio-8080-exec-3] c.hms.security.JwtAuthenticationFilter   : JWT Filter processing request: /h2-console/icon_line.gif
2025-11-28T17:10:49.743+03:00  INFO 5340 --- [hospital-management] [nio-8080-exec-6] c.hms.security.JwtAuthenticationFilter   : JWT Filter processing request: /h2-console/icon_commit.gif
2025-11-28T17:10:49.744+03:00  INFO 5340 --- [hospital-management] [nio-8080-exec-7] c.hms.security.JwtAuthenticationFilter   : JWT Filter processing request: /h2-console/icon_run.gif
2025-11-28T17:10:49.744+03:00  INFO 5340 --- [hospital-management] [nio-8080-exec-2] c.hms.security.JwtAuthenticationFilter   : JWT Filter processing request: /h2-console/icon_rollback.gif
2025-11-28T17:10:49.769+03:00  INFO 5340 --- [hospital-management] [nio-8080-exec-4] c.hms.security.JwtAuthenticationFilter   : JWT Filter processing request: /h2-console/icon_history.gif
2025-11-28T17:10:49.769+03:00  INFO 5340 --- [hospital-management] [nio-8080-exec-5] c.hms.security.JwtAuthenticationFilter   : JWT Filter processing request: /h2-console/icon_stop.gif
2025-11-28T17:10:49.772+03:00  INFO 5340 --- [hospital-management] [nio-8080-exec-9] c.hms.security.JwtAuthenticationFilter   : JWT Filter processing request: /h2-console/icon_run_selected.gif
2025-11-28T17:10:49.783+03:00  INFO 5340 --- [hospital-management] [io-8080-exec-10] c.hms.security.JwtAuthenticationFilter   : JWT Filter processing request: /h2-console/icon_help.gif
2025-11-28T17:10:49.792+03:00  INFO 5340 --- [hospital-management] [nio-8080-exec-7] c.hms.security.JwtAuthenticationFilter   : JWT Filter processing request: /h2-console/icon_refresh.gif
2025-11-28T17:10:49.936+03:00  INFO 5340 --- [hospital-management] [nio-8080-exec-3] c.hms.security.JwtAuthenticationFilter   : JWT Filter processing request: /h2-console/tree.js
2025-11-28T17:10:49.969+03:00  INFO 5340 --- [hospital-management] [nio-8080-exec-2] c.hms.security.JwtAuthenticationFilter   : JWT Filter processing request: /h2-console/tree_plus.gif
2025-11-28T17:10:49.969+03:00  INFO 5340 --- [hospital-management] [nio-8080-exec-6] c.hms.security.JwtAuthenticationFilter   : JWT Filter processing request: /h2-console/tree_minus.gif
2025-11-28T17:10:49.972+03:00  INFO 5340 --- [hospital-management] [nio-8080-exec-4] c.hms.security.JwtAuthenticationFilter   : JWT Filter processing request: /h2-console/tree_table.gif
2025-11-28T17:10:49.976+03:00  INFO 5340 --- [hospital-management] [nio-8080-exec-5] c.hms.security.JwtAuthenticationFilter   : JWT Filter processing request: /h2-console/tree_empty.gif
2025-11-28T17:10:49.974+03:00  INFO 5340 --- [hospital-management] [nio-8080-exec-9] c.hms.security.JwtAuthenticationFilter   : JWT Filter processing request: /h2-console/tree_column.gif
2025-11-28T17:10:49.975+03:00  INFO 5340 --- [hospital-management] [nio-8080-exec-1] c.hms.security.JwtAuthenticationFilter   : JWT Filter processing request: /h2-console/tree_database.gif
2025-11-28T17:10:49.993+03:00  INFO 5340 --- [hospital-management] [nio-8080-exec-7] c.hms.security.JwtAuthenticationFilter   : JWT Filter processing request: /h2-console/tree_folder.gif
2025-11-28T17:10:49.993+03:00  INFO 5340 --- [hospital-management] [io-8080-exec-10] c.hms.security.JwtAuthenticationFilter   : JWT Filter processing request: /h2-console/tree_users.gif
2025-11-28T17:10:50.005+03:00  INFO 5340 --- [hospital-management] [nio-8080-exec-8] c.hms.security.JwtAuthenticationFilter   : JWT Filter processing request: /h2-console/tree_info.gif
2025-11-28T17:10:50.007+03:00  INFO 5340 --- [hospital-management] [nio-8080-exec-3] c.hms.security.JwtAuthenticationFilter   : JWT Filter processing request: /h2-console/tree_type.gif
2025-11-28T17:10:50.010+03:00  INFO 5340 --- [hospital-management] [nio-8080-exec-4] c.hms.security.JwtAuthenticationFilter   : JWT Filter processing request: /h2-console/tree_index_az.gif
2025-11-28T17:10:50.015+03:00  INFO 5340 --- [hospital-management] [nio-8080-exec-9] c.hms.security.JwtAuthenticationFilter   : JWT Filter processing request: /h2-console/tree_index.gif
2025-11-28T17:10:50.026+03:00  INFO 5340 --- [hospital-management] [nio-8080-exec-1] c.hms.security.JwtAuthenticationFilter   : JWT Filter processing request: /h2-console/tree_user.gif
2025-11-28T17:10:50.022+03:00  INFO 5340 --- [hospital-management] [nio-8080-exec-5] c.hms.security.JwtAuthenticationFilter   : JWT Filter processing request: /h2-console/tree_view.gif
2025-11-28T17:10:53.307+03:00  INFO 5340 --- [hospital-management] [nio-8080-exec-6] c.hms.security.JwtAuthenticationFilter   : JWT Filter processing request: /h2-console/query.do
2025-11-28T17:10:53.333+03:00  INFO 5340 --- [hospital-management] [nio-8080-exec-7] c.hms.security.JwtAuthenticationFilter   : JWT Filter processing request: /h2-console/table.js
2025-11-28T17:11:08.352+03:00  INFO 5340 --- [hospital-management] [io-8080-exec-10] o.a.c.c.C.[Tomcat].[localhost].[/]       : Initializing Spring DispatcherServlet 'dispatcherServlet'
2025-11-28T17:11:08.354+03:00  INFO 5340 --- [hospital-management] [io-8080-exec-10] o.s.web.servlet.DispatcherServlet        : Initializing Servlet 'dispatcherServlet'
2025-11-28T17:11:08.354+03:00 DEBUG 5340 --- [hospital-management] [io-8080-exec-10] o.s.web.servlet.DispatcherServlet        : Detected StandardServletMultipartResolver
2025-11-28T17:11:08.355+03:00 DEBUG 5340 --- [hospital-management] [io-8080-exec-10] o.s.web.servlet.DispatcherServlet        : Detected AcceptHeaderLocaleResolver
2025-11-28T17:11:08.355+03:00 DEBUG 5340 --- [hospital-management] [io-8080-exec-10] o.s.web.servlet.DispatcherServlet        : Detected FixedThemeResolver
2025-11-28T17:11:08.360+03:00 DEBUG 5340 --- [hospital-management] [io-8080-exec-10] o.s.web.servlet.DispatcherServlet        : Detected org.springframework.web.servlet.view.DefaultRequestToViewNameTranslator@62fa4a88
2025-11-28T17:11:08.362+03:00 DEBUG 5340 --- [hospital-management] [io-8080-exec-10] o.s.web.servlet.DispatcherServlet        : Detected org.springframework.web.servlet.support.SessionFlashMapManager@4cc4f6bd
2025-11-28T17:11:08.363+03:00 DEBUG 5340 --- [hospital-management] [io-8080-exec-10] o.s.web.servlet.DispatcherServlet        : enableLoggingRequestDetails='false': request parameters and headers will be masked to prevent unsafe logging of potentially sensitive data
2025-11-28T17:11:08.363+03:00  INFO 5340 --- [hospital-management] [io-8080-exec-10] o.s.web.servlet.DispatcherServlet        : Completed initialization in 9 ms
2025-11-28T17:11:08.364+03:00  INFO 5340 --- [hospital-management] [io-8080-exec-10] c.hms.security.JwtAuthenticationFilter   : JWT Filter processing request: /index.html
2025-11-28T17:11:08.372+03:00 DEBUG 5340 --- [hospital-management] [io-8080-exec-10] o.s.web.servlet.DispatcherServlet        : GET "/index.html", parameters={}
2025-11-28T17:11:08.377+03:00 DEBUG 5340 --- [hospital-management] [io-8080-exec-10] o.s.w.s.handler.SimpleUrlHandlerMapping  : Mapped to ResourceHttpRequestHandler [classpath [META-INF/resources/], classpath [resources/], classpath [static/], classpath [public/], ServletContext [/]]
2025-11-28T17:11:08.424+03:00 DEBUG 5340 --- [hospital-management] [io-8080-exec-10] o.s.web.servlet.DispatcherServlet        : Completed 200 OK
2025-11-28T17:11:08.809+03:00  INFO 5340 --- [hospital-management] [nio-8080-exec-2] c.hms.security.JwtAuthenticationFilter   : JWT Filter processing request: /api/v1/auth/status
2025-11-28T17:11:08.816+03:00 DEBUG 5340 --- [hospital-management] [nio-8080-exec-2] o.s.web.servlet.DispatcherServlet        : GET "/api/v1/auth/status", parameters={}
2025-11-28T17:11:08.826+03:00 DEBUG 5340 --- [hospital-management] [nio-8080-exec-2] s.w.s.m.m.a.RequestMappingHandlerMapping : Mapped to com.hms.controller.AuthController#status()
2025-11-28T17:11:08.877+03:00 DEBUG 5340 --- [hospital-management] [nio-8080-exec-2] m.m.a.RequestResponseBodyMethodProcessor : Using 'text/plain', given [*/*] and supported [text/plain, */*, application/json, application/*+json]
2025-11-28T17:11:08.881+03:00 DEBUG 5340 --- [hospital-management] [nio-8080-exec-2] m.m.a.RequestResponseBodyMethodProcessor : Writing ["Auth status endpoint ready"]
2025-11-28T17:11:08.892+03:00 DEBUG 5340 --- [hospital-management] [nio-8080-exec-2] o.s.web.servlet.DispatcherServlet        : Completed 200 OK
2025-11-28T17:11:08.926+03:00  INFO 5340 --- [hospital-management] [nio-8080-exec-8] c.hms.security.JwtAuthenticationFilter   : JWT Filter processing request: /api/patients
2025-11-28T17:11:08.926+03:00  INFO 5340 --- [hospital-management] [nio-8080-exec-3] c.hms.security.JwtAuthenticationFilter   : JWT Filter processing request: /api/doctors
2025-11-28T17:11:08.930+03:00 DEBUG 5340 --- [hospital-management] [nio-8080-exec-3] o.s.web.servlet.DispatcherServlet        : GET "/api/doctors", parameters={}
2025-11-28T17:11:08.932+03:00 DEBUG 5340 --- [hospital-management] [nio-8080-exec-8] o.s.web.servlet.DispatcherServlet        : GET "/api/patients", parameters={}
2025-11-28T17:11:08.933+03:00 DEBUG 5340 --- [hospital-management] [nio-8080-exec-8] s.w.s.m.m.a.RequestMappingHandlerMapping : Mapped to com.hms.controller.HospitalController#getAllPatients()
2025-11-28T17:11:08.933+03:00 DEBUG 5340 --- [hospital-management] [nio-8080-exec-3] s.w.s.m.m.a.RequestMappingHandlerMapping : Mapped to com.hms.controller.HospitalController#getAllDoctors()
Hibernate: select p1_0.id,p1_0.date_of_birth,p1_0.email,p1_0.medical_history,p1_0.name,p1_0.phone from patients p1_0
Hibernate: select d1_0.id,d1_0.license_number,d1_0.name,d1_0.specialty,d1_0.years_of_experience from doctors d1_0
2025-11-28T17:11:09.027+03:00 DEBUG 5340 --- [hospital-management] [nio-8080-exec-8] m.m.a.RequestResponseBodyMethodProcessor : Using 'application/json', given [*/*] and supported [application/json, application/*+json]
2025-11-28T17:11:09.027+03:00 DEBUG 5340 --- [hospital-management] [nio-8080-exec-3] m.m.a.RequestResponseBodyMethodProcessor : Using 'application/json', given [*/*] and supported [application/json, application/*+json]
2025-11-28T17:11:09.031+03:00 DEBUG 5340 --- [hospital-management] [nio-8080-exec-3] m.m.a.RequestResponseBodyMethodProcessor : Writing [[com.hms.model.DoctorDTO@6288e4d0, com.hms.model.DoctorDTO@6f3e3674, com.hms.model.DoctorDTO@3105216 (truncated)...]
2025-11-28T17:11:09.032+03:00 DEBUG 5340 --- [hospital-management] [nio-8080-exec-8] m.m.a.RequestResponseBodyMethodProcessor : Writing [[PatientDTO(id=1, name=John Smith, email=john.smith@email.com, phone=555-0101, dateOfBirth=1985-05-1 (truncated)...]
2025-11-28T17:11:09.210+03:00 DEBUG 5340 --- [hospital-management] [nio-8080-exec-3] o.s.web.servlet.DispatcherServlet        : Completed 200 OK
2025-11-28T17:11:09.210+03:00 DEBUG 5340 --- [hospital-management] [nio-8080-exec-8] o.s.web.servlet.DispatcherServlet        : Completed 200 OK
2025-11-28T17:11:20.401+03:00  INFO 5340 --- [hospital-management] [nio-8080-exec-4] c.hms.security.JwtAuthenticationFilter   : JWT Filter processing request: /api/doctors
2025-11-28T17:11:20.403+03:00 DEBUG 5340 --- [hospital-management] [nio-8080-exec-4] o.s.web.servlet.DispatcherServlet        : GET "/api/doctors", parameters={}
2025-11-28T17:11:20.403+03:00 DEBUG 5340 --- [hospital-management] [nio-8080-exec-4] s.w.s.m.m.a.RequestMappingHandlerMapping : Mapped to com.hms.controller.HospitalController#getAllDoctors()
Hibernate: select d1_0.id,d1_0.license_number,d1_0.name,d1_0.specialty,d1_0.years_of_experience from doctors d1_0
2025-11-28T17:11:20.408+03:00 DEBUG 5340 --- [hospital-management] [nio-8080-exec-4] m.m.a.RequestResponseBodyMethodProcessor : Using 'application/json', given [*/*] and supported [application/json, application/*+json]
2025-11-28T17:11:20.410+03:00 DEBUG 5340 --- [hospital-management] [nio-8080-exec-4] m.m.a.RequestResponseBodyMethodProcessor : Writing [[com.hms.model.DoctorDTO@304787b2, com.hms.model.DoctorDTO@7102238, com.hms.model.DoctorDTO@582fac27 (truncated)...]
2025-11-28T17:11:20.413+03:00 DEBUG 5340 --- [hospital-management] [nio-8080-exec-4] o.s.web.servlet.DispatcherServlet        : Completed 200 OK
2025-11-28T17:11:27.980+03:00  INFO 5340 --- [hospital-management] [nio-8080-exec-9] c.hms.security.JwtAuthenticationFilter   : JWT Filter processing request: /api/patients
2025-11-28T17:11:27.983+03:00 DEBUG 5340 --- [hospital-management] [nio-8080-exec-9] o.s.web.servlet.DispatcherServlet        : GET "/api/patients", parameters={}
2025-11-28T17:11:27.984+03:00 DEBUG 5340 --- [hospital-management] [nio-8080-exec-9] s.w.s.m.m.a.RequestMappingHandlerMapping : Mapped to com.hms.controller.HospitalController#getAllPatients()
Hibernate: select p1_0.id,p1_0.date_of_birth,p1_0.email,p1_0.medical_history,p1_0.name,p1_0.phone from patients p1_0
2025-11-28T17:11:27.991+03:00 DEBUG 5340 --- [hospital-management] [nio-8080-exec-9] m.m.a.RequestResponseBodyMethodProcessor : Using 'application/json', given [*/*] and supported [application/json, application/*+json]
2025-11-28T17:11:27.992+03:00 DEBUG 5340 --- [hospital-management] [nio-8080-exec-9] m.m.a.RequestResponseBodyMethodProcessor : Writing [[PatientDTO(id=1, name=John Smith, email=john.smith@email.com, phone=555-0101, dateOfBirth=1985-05-1 (truncated)...]
2025-11-28T17:11:27.996+03:00 DEBUG 5340 --- [hospital-management] [nio-8080-exec-9] o.s.web.servlet.DispatcherServlet        : Completed 200 OK
2025-11-28T17:11:34.896+03:00  INFO 5340 --- [hospital-management] [nio-8080-exec-1] c.hms.security.JwtAuthenticationFilter   : JWT Filter processing request: /swagger-ui.html
2025-11-28T17:11:34.897+03:00 DEBUG 5340 --- [hospital-management] [nio-8080-exec-1] o.s.web.servlet.DispatcherServlet        : GET "/swagger-ui.html", parameters={}
2025-11-28T17:11:34.900+03:00 DEBUG 5340 --- [hospital-management] [nio-8080-exec-1] s.w.s.m.m.a.RequestMappingHandlerMapping : Mapped to org.springdoc.webmvc.ui.SwaggerWelcomeWebMvc#redirectToUi(HttpServletRequest)
2025-11-28T17:11:35.017+03:00 DEBUG 5340 --- [hospital-management] [nio-8080-exec-1] o.s.w.s.m.m.a.HttpEntityMethodProcessor  : Using 'application/json;q=0.8', given [text/html, application/xhtml+xml, image/avif, image/webp, image/apng, application/xml;q=0.9, */*;q=0.8, application/signed-exchange;v=b3;q=0.7] and supported [application/json, application/*+json]
2025-11-28T17:11:35.022+03:00 DEBUG 5340 --- [hospital-management] [nio-8080-exec-1] o.s.w.s.m.m.a.HttpEntityMethodProcessor  : Nothing to write: null body
2025-11-28T17:11:35.024+03:00 DEBUG 5340 --- [hospital-management] [nio-8080-exec-1] o.s.web.servlet.DispatcherServlet        : Completed 302 FOUND
2025-11-28T17:11:35.051+03:00  INFO 5340 --- [hospital-management] [nio-8080-exec-5] c.hms.security.JwtAuthenticationFilter   : JWT Filter processing request: /swagger-ui/index.html
2025-11-28T17:11:35.057+03:00 DEBUG 5340 --- [hospital-management] [nio-8080-exec-5] o.s.web.servlet.DispatcherServlet        : GET "/swagger-ui/index.html", parameters={}
2025-11-28T17:11:35.063+03:00 DEBUG 5340 --- [hospital-management] [nio-8080-exec-5] o.s.w.s.handler.SimpleUrlHandlerMapping  : Mapped to ResourceHttpRequestHandler [classpath [META-INF/resources/webjars/]]
2025-11-28T17:11:35.122+03:00  INFO 5340 --- [hospital-management] [io-8080-exec-10] c.hms.security.JwtAuthenticationFilter   : JWT Filter processing request: /swagger-ui/swagger-ui-standalone-preset.js
2025-11-28T17:11:35.120+03:00  INFO 5340 --- [hospital-management] [nio-8080-exec-6] c.hms.security.JwtAuthenticationFilter   : JWT Filter processing request: /swagger-ui/index.css
2025-11-28T17:11:35.123+03:00  INFO 5340 --- [hospital-management] [nio-8080-exec-2] c.hms.security.JwtAuthenticationFilter   : JWT Filter processing request: /swagger-ui/swagger-initializer.js
2025-11-28T17:11:35.122+03:00  INFO 5340 --- [hospital-management] [nio-8080-exec-7] c.hms.security.JwtAuthenticationFilter   : JWT Filter processing request: /swagger-ui/swagger-ui-bundle.js
2025-11-28T17:11:35.131+03:00 DEBUG 5340 --- [hospital-management] [nio-8080-exec-2] o.s.web.servlet.DispatcherServlet        : GET "/swagger-ui/swagger-initializer.js", parameters={}
2025-11-28T17:11:35.133+03:00 DEBUG 5340 --- [hospital-management] [nio-8080-exec-2] o.s.w.s.handler.SimpleUrlHandlerMapping  : Mapped to ResourceHttpRequestHandler [classpath [META-INF/resources/webjars/]]
2025-11-28T17:11:35.134+03:00 DEBUG 5340 --- [hospital-management] [nio-8080-exec-6] o.s.web.servlet.DispatcherServlet        : GET "/swagger-ui/index.css", parameters={}
2025-11-28T17:11:35.125+03:00 DEBUG 5340 --- [hospital-management] [io-8080-exec-10] o.s.web.servlet.DispatcherServlet        : GET "/swagger-ui/swagger-ui-standalone-preset.js", parameters={}
2025-11-28T17:11:35.131+03:00 DEBUG 5340 --- [hospital-management] [nio-8080-exec-7] o.s.web.servlet.DispatcherServlet        : GET "/swagger-ui/swagger-ui-bundle.js", parameters={}
2025-11-28T17:11:35.144+03:00 DEBUG 5340 --- [hospital-management] [nio-8080-exec-7] o.s.w.s.handler.SimpleUrlHandlerMapping  : Mapped to ResourceHttpRequestHandler [classpath [META-INF/resources/webjars/]]
2025-11-28T17:11:35.144+03:00 DEBUG 5340 --- [hospital-management] [io-8080-exec-10] o.s.w.s.handler.SimpleUrlHandlerMapping  : Mapped to ResourceHttpRequestHandler [classpath [META-INF/resources/webjars/]]
2025-11-28T17:11:35.144+03:00 DEBUG 5340 --- [hospital-management] [nio-8080-exec-6] o.s.w.s.handler.SimpleUrlHandlerMapping  : Mapped to ResourceHttpRequestHandler [classpath [META-INF/resources/webjars/]]
2025-11-28T17:11:35.156+03:00 DEBUG 5340 --- [hospital-management] [nio-8080-exec-5] o.s.web.servlet.DispatcherServlet        : Completed 200 OK
2025-11-28T17:11:35.161+03:00  INFO 5340 --- [hospital-management] [nio-8080-exec-5] c.hms.security.JwtAuthenticationFilter   : JWT Filter processing request: /swagger-ui/swagger-ui.css
2025-11-28T17:11:35.169+03:00 DEBUG 5340 --- [hospital-management] [nio-8080-exec-6] o.s.web.servlet.DispatcherServlet        : Completed 200 OK
2025-11-28T17:11:35.230+03:00 DEBUG 5340 --- [hospital-management] [nio-8080-exec-5] o.s.web.servlet.DispatcherServlet        : GET "/swagger-ui/swagger-ui.css", parameters={}
2025-11-28T17:11:35.229+03:00 DEBUG 5340 --- [hospital-management] [io-8080-exec-10] o.s.web.servlet.DispatcherServlet        : Completed 200 OK
2025-11-28T17:11:35.242+03:00 DEBUG 5340 --- [hospital-management] [nio-8080-exec-5] o.s.w.s.handler.SimpleUrlHandlerMapping  : Mapped to ResourceHttpRequestHandler [classpath [META-INF/resources/webjars/]]
2025-11-28T17:11:35.349+03:00 DEBUG 5340 --- [hospital-management] [nio-8080-exec-2] o.s.web.servlet.DispatcherServlet        : Completed 200 OK
2025-11-28T17:11:35.421+03:00 DEBUG 5340 --- [hospital-management] [nio-8080-exec-5] o.s.web.servlet.DispatcherServlet        : Completed 200 OK
2025-11-28T17:11:35.462+03:00 DEBUG 5340 --- [hospital-management] [nio-8080-exec-7] o.s.web.servlet.DispatcherServlet        : Completed 200 OK
2025-11-28T17:11:35.865+03:00  INFO 5340 --- [hospital-management] [nio-8080-exec-3] c.hms.security.JwtAuthenticationFilter   : JWT Filter processing request: /v3/api-docs/swagger-config
2025-11-28T17:11:35.870+03:00 DEBUG 5340 --- [hospital-management] [nio-8080-exec-3] o.s.web.servlet.DispatcherServlet        : GET "/v3/api-docs/swagger-config", parameters={}
2025-11-28T17:11:35.872+03:00 DEBUG 5340 --- [hospital-management] [nio-8080-exec-3] s.w.s.m.m.a.RequestMappingHandlerMapping : Mapped to org.springdoc.webmvc.ui.SwaggerConfigResource#openapiJson(HttpServletRequest)
2025-11-28T17:11:35.876+03:00 DEBUG 5340 --- [hospital-management] [nio-8080-exec-3] m.m.a.RequestResponseBodyMethodProcessor : Using 'application/json', given [*/*] and supported [application/json]
2025-11-28T17:11:35.877+03:00 DEBUG 5340 --- [hospital-management] [nio-8080-exec-3] m.m.a.RequestResponseBodyMethodProcessor : Writing [{configUrl=/v3/api-docs/swagger-config, oauth2RedirectUrl=http://localhost:8080/swagger-ui/oauth2-re (truncated)...]
2025-11-28T17:11:35.881+03:00 DEBUG 5340 --- [hospital-management] [nio-8080-exec-3] o.s.web.servlet.DispatcherServlet        : Completed 200 OK
2025-11-28T17:11:35.928+03:00  INFO 5340 --- [hospital-management] [nio-8080-exec-8] c.hms.security.JwtAuthenticationFilter   : JWT Filter processing request: /v3/api-docs
2025-11-28T17:11:35.930+03:00 DEBUG 5340 --- [hospital-management] [nio-8080-exec-8] o.s.web.servlet.DispatcherServlet        : GET "/v3/api-docs", parameters={}
2025-11-28T17:11:35.931+03:00 DEBUG 5340 --- [hospital-management] [nio-8080-exec-8] s.w.s.m.m.a.RequestMappingHandlerMapping : Mapped to org.springdoc.webmvc.api.OpenApiWebMvcResource#openapiJson(HttpServletRequest, String, Locale)
2025-11-28T17:11:37.129+03:00  INFO 5340 --- [hospital-management] [nio-8080-exec-8] o.springdoc.api.AbstractOpenApiResource  : Init duration for springdoc-openapi is: 1142 ms
2025-11-28T17:11:37.328+03:00 DEBUG 5340 --- [hospital-management] [nio-8080-exec-8] m.m.a.RequestResponseBodyMethodProcessor : Using 'application/json', given [application/json, */*] and supported [application/json]
2025-11-28T17:11:37.335+03:00 DEBUG 5340 --- [hospital-management] [nio-8080-exec-8] m.m.a.RequestResponseBodyMethodProcessor : Writing [{123, 34, 111, 112, 101, 110, 97, 112, 105, 34, 58, 34, 51, 46, 48, 46, 49, 34, 44, 34, 105, 110, 10 (truncated)...]
2025-11-28T17:11:37.339+03:00 DEBUG 5340 --- [hospital-management] [nio-8080-exec-8] o.s.web.servlet.DispatcherServlet        : Completed 200 OK
2025-11-28T17:11:57.726+03:00  INFO 5340 --- [hospital-management] [nio-8080-exec-9] c.hms.security.JwtAuthenticationFilter   : JWT Filter processing request: /h2-console
2025-11-28T17:11:57.765+03:00  INFO 5340 --- [hospital-management] [nio-8080-exec-9] c.hms.security.JwtAuthenticationFilter   : JWT Filter processing request: /h2-console/
2025-11-28T17:11:57.925+03:00  INFO 5340 --- [hospital-management] [nio-8080-exec-1] c.hms.security.JwtAuthenticationFilter   : JWT Filter processing request: /h2-console/stylesheet.css
2025-11-28T17:11:58.010+03:00  INFO 5340 --- [hospital-management] [nio-8080-exec-6] c.hms.security.JwtAuthenticationFilter   : JWT Filter processing request: /h2-console/login.jsp
2025-11-28T17:11:58.082+03:00  INFO 5340 --- [hospital-management] [io-8080-exec-10] c.hms.security.JwtAuthenticationFilter   : JWT Filter processing request: /h2-console/background.gif
2025-11-28T17:11:59.792+03:00  INFO 5340 --- [hospital-management] [nio-8080-exec-2] c.hms.security.JwtAuthenticationFilter   : JWT Filter processing request: /h2-console/login.do
2025-11-28T17:11:59.872+03:00  INFO 5340 --- [hospital-management] [nio-8080-exec-5] c.hms.security.JwtAuthenticationFilter   : JWT Filter processing request: /h2-console/header.jsp
2025-11-28T17:11:59.880+03:00  INFO 5340 --- [hospital-management] [nio-8080-exec-7] c.hms.security.JwtAuthenticationFilter   : JWT Filter processing request: /h2-console/tables.do
2025-11-28T17:11:59.890+03:00  INFO 5340 --- [hospital-management] [nio-8080-exec-3] c.hms.security.JwtAuthenticationFilter   : JWT Filter processing request: /h2-console/query.jsp
2025-11-28T17:11:59.900+03:00  INFO 5340 --- [hospital-management] [nio-8080-exec-8] c.hms.security.JwtAuthenticationFilter   : JWT Filter processing request: /h2-console/help.jsp
2025-11-28T17:11:59.955+03:00  INFO 5340 --- [hospital-management] [nio-8080-exec-4] c.hms.security.JwtAuthenticationFilter   : JWT Filter processing request: /h2-console/icon_disconnect.gif
2025-11-28T17:11:59.955+03:00  INFO 5340 --- [hospital-management] [nio-8080-exec-9] c.hms.security.JwtAuthenticationFilter   : JWT Filter processing request: /h2-console/icon_line.gif
2025-11-28T17:11:59.977+03:00  INFO 5340 --- [hospital-management] [nio-8080-exec-6] c.hms.security.JwtAuthenticationFilter   : JWT Filter processing request: /h2-console/icon_commit.gif
2025-11-28T17:11:59.980+03:00  INFO 5340 --- [hospital-management] [io-8080-exec-10] c.hms.security.JwtAuthenticationFilter   : JWT Filter processing request: /h2-console/icon_run.gif
2025-11-28T17:11:59.991+03:00  INFO 5340 --- [hospital-management] [nio-8080-exec-1] c.hms.security.JwtAuthenticationFilter   : JWT Filter processing request: /h2-console/icon_rollback.gif
2025-11-28T17:11:59.995+03:00  INFO 5340 --- [hospital-management] [nio-8080-exec-2] c.hms.security.JwtAuthenticationFilter   : JWT Filter processing request: /h2-console/icon_stop.gif
2025-11-28T17:11:59.996+03:00  INFO 5340 --- [hospital-management] [nio-8080-exec-6] c.hms.security.JwtAuthenticationFilter   : JWT Filter processing request: /h2-console/icon_help.gif
2025-11-28T17:12:00.028+03:00  INFO 5340 --- [hospital-management] [nio-8080-exec-3] c.hms.security.JwtAuthenticationFilter   : JWT Filter processing request: /h2-console/icon_history.gif
2025-11-28T17:12:00.037+03:00  INFO 5340 --- [hospital-management] [nio-8080-exec-3] c.hms.security.JwtAuthenticationFilter   : JWT Filter processing request: /h2-console/icon_run_selected.gif
2025-11-28T17:12:00.039+03:00  INFO 5340 --- [hospital-management] [nio-8080-exec-8] c.hms.security.JwtAuthenticationFilter   : JWT Filter processing request: /h2-console/icon_refresh.gif
2025-11-28T17:12:00.096+03:00  INFO 5340 --- [hospital-management] [io-8080-exec-10] c.hms.security.JwtAuthenticationFilter   : JWT Filter processing request: /h2-console/tree.js
2025-11-28T17:12:00.131+03:00  INFO 5340 --- [hospital-management] [nio-8080-exec-5] c.hms.security.JwtAuthenticationFilter   : JWT Filter processing request: /h2-console/tree_minus.gif
2025-11-28T17:12:00.132+03:00  INFO 5340 --- [hospital-management] [nio-8080-exec-4] c.hms.security.JwtAuthenticationFilter   : JWT Filter processing request: /h2-console/tree_database.gif
2025-11-28T17:12:00.132+03:00  INFO 5340 --- [hospital-management] [nio-8080-exec-6] c.hms.security.JwtAuthenticationFilter   : JWT Filter processing request: /h2-console/tree_plus.gif
2025-11-28T17:12:00.133+03:00  INFO 5340 --- [hospital-management] [nio-8080-exec-2] c.hms.security.JwtAuthenticationFilter   : JWT Filter processing request: /h2-console/tree_table.gif
2025-11-28T17:12:00.134+03:00  INFO 5340 --- [hospital-management] [nio-8080-exec-1] c.hms.security.JwtAuthenticationFilter   : JWT Filter processing request: /h2-console/tree_column.gif
2025-11-28T17:12:00.134+03:00  INFO 5340 --- [hospital-management] [nio-8080-exec-3] c.hms.security.JwtAuthenticationFilter   : JWT Filter processing request: /h2-console/tree_empty.gif
2025-11-28T17:12:00.144+03:00  INFO 5340 --- [hospital-management] [nio-8080-exec-9] c.hms.security.JwtAuthenticationFilter   : JWT Filter processing request: /h2-console/tree_type.gif
2025-11-28T17:12:00.147+03:00  INFO 5340 --- [hospital-management] [nio-8080-exec-8] c.hms.security.JwtAuthenticationFilter   : JWT Filter processing request: /h2-console/tree_index_az.gif
2025-11-28T17:12:00.168+03:00  INFO 5340 --- [hospital-management] [nio-8080-exec-7] c.hms.security.JwtAuthenticationFilter   : JWT Filter processing request: /h2-console/tree_info.gif
2025-11-28T17:12:00.172+03:00  INFO 5340 --- [hospital-management] [nio-8080-exec-1] c.hms.security.JwtAuthenticationFilter   : JWT Filter processing request: /h2-console/tree_folder.gif
2025-11-28T17:12:00.177+03:00  INFO 5340 --- [hospital-management] [io-8080-exec-10] c.hms.security.JwtAuthenticationFilter   : JWT Filter processing request: /h2-console/tree_users.gif
2025-11-28T17:12:00.179+03:00  INFO 5340 --- [hospital-management] [nio-8080-exec-4] c.hms.security.JwtAuthenticationFilter   : JWT Filter processing request: /h2-console/tree_index.gif
2025-11-28T17:12:00.185+03:00  INFO 5340 --- [hospital-management] [nio-8080-exec-7] c.hms.security.JwtAuthenticationFilter   : JWT Filter processing request: /h2-console/tree_view.gif
2025-11-28T17:12:00.191+03:00  INFO 5340 --- [hospital-management] [nio-8080-exec-1] c.hms.security.JwtAuthenticationFilter   : JWT Filter processing request: /h2-console/tree_user.gif
2025-11-28T17:12:04.848+03:00  INFO 5340 --- [hospital-management] [nio-8080-exec-5] c.hms.security.JwtAuthenticationFilter   : JWT Filter processing request: /h2-console/query.do
2025-11-28T17:12:04.877+03:00  INFO 5340 --- [hospital-management] [nio-8080-exec-6] c.hms.security.JwtAuthenticationFilter   : JWT Filter processing request: /h2-console/table.js
2025-11-28T17:12:07.690+03:00  INFO 5340 --- [hospital-management] [nio-8080-exec-9] c.hms.security.JwtAuthenticationFilter   : JWT Filter processing request: /h2-console/query.do
2025-11-28T17:12:07.712+03:00  INFO 5340 --- [hospital-management] [nio-8080-exec-8] c.hms.security.JwtAuthenticationFilter   : JWT Filter processing request: /h2-console/stylesheet.css
2025-11-28T17:12:08.834+03:00  INFO 5340 --- [hospital-management] [nio-8080-exec-3] c.hms.security.JwtAuthenticationFilter   : JWT Filter processing request: /h2-console/query.do
2025-11-28T17:12:16.584+03:00  INFO 5340 --- [hospital-management] [nio-8080-exec-2] c.hms.security.JwtAuthenticationFilter   : JWT Filter processing request: /h2-console/query.do
2025-11-28T17:12:16.604+03:00  INFO 5340 --- [hospital-management] [io-8080-exec-10] c.hms.security.JwtAuthenticationFilter   : JWT Filter processing request: /h2-console/table.js
2025-11-28T17:12:28.269+03:00  INFO 5340 --- [hospital-management] [nio-8080-exec-4] c.hms.security.JwtAuthenticationFilter   : JWT Filter processing request: /h2-console/query.do
2025-11-28T17:12:28.291+03:00  INFO 5340 --- [hospital-management] [nio-8080-exec-1] c.hms.security.JwtAuthenticationFilter   : JWT Filter processing request: /h2-console/table.js
2025-11-28T17:12:28.291+03:00  INFO 5340 --- [hospital-management] [nio-8080-exec-7] c.hms.security.JwtAuthenticationFilter   : JWT Filter processing request: /h2-console/stylesheet.css
